2019-10-14 14:51:17,773 [main] INFO  com.asianwallets.task.ISearchTaskApplicationTests - Starting ISearchTaskApplicationTests on DESKTOP-3ADLK5U with PID 2636 (started by Admin in C:\Users\Admin\IdeaProjects\iSearch\asianwallet-task)
2019-10-14 14:51:17,891 [main] INFO  com.asianwallets.task.ISearchTaskApplicationTests - The following profiles are active: local
2019-10-14 14:51:29,821 [main] INFO  org.mongodb.driver.cluster - Cluster created with settings {hosts=[192.168.124.7:27017], mode=SINGLE, requiredClusterType=UNKNOWN, serverSelectionTimeout='30000 ms', maxWaitQueueSize=500}
2019-10-14 14:51:30,058 [cluster-ClusterId{value='5da41af1a1a42f0a4c0fd9d2', description='null'}-192.168.124.7:27017] INFO  org.mongodb.driver.connection - Opened connection [connectionId{localValue:1, serverValue:19}] to 192.168.124.7:27017
2019-10-14 14:51:30,071 [cluster-ClusterId{value='5da41af1a1a42f0a4c0fd9d2', description='null'}-192.168.124.7:27017] INFO  org.mongodb.driver.cluster - Monitor thread successfully connected to server with description ServerDescription{address=192.168.124.7:27017, type=STANDALONE, state=CONNECTED, ok=true, version=ServerVersion{versionList=[4, 2, 0]}, minWireVersion=0, maxWireVersion=8, maxDocumentSize=16777216, logicalSessionTimeoutMinutes=30, roundTripTimeNanos=8568400}
2019-10-14 14:51:38,182 [main] INFO  com.asianwallets.task.ISearchTaskApplicationTests - Started ISearchTaskApplicationTests in 21.416 seconds (JVM running for 26.345)
2019-10-14 14:51:38,193 [main] INFO  com.asianwallets.common.config.ConfigConstantConfguration - >>>>>>>>>>>>>>>项目名称【asianwallet-task】，端口号【-1】，项目配置加载完成 <<<<<<<<<<<<<
2019-10-14 14:51:43,645 [main] WARN  com.gargoylesoftware.htmlunit.IncorrectnessListenerImpl - Obsolete content type encountered: 'application/x-javascript'.
2019-10-14 14:51:43,724 [main] WARN  com.gargoylesoftware.htmlunit.IncorrectnessListenerImpl - Obsolete content type encountered: 'application/x-javascript'.
2019-10-14 14:51:43,820 [main] WARN  com.gargoylesoftware.htmlunit.IncorrectnessListenerImpl - Obsolete content type encountered: 'application/x-javascript'.
2019-10-14 14:51:43,841 [main] WARN  com.gargoylesoftware.htmlunit.IncorrectnessListenerImpl - Obsolete content type encountered: 'application/x-javascript'.
2019-10-14 14:51:43,939 [main] WARN  com.gargoylesoftware.htmlunit.IncorrectnessListenerImpl - Obsolete content type encountered: 'application/x-javascript'.
2019-10-14 14:51:43,968 [main] WARN  com.gargoylesoftware.htmlunit.IncorrectnessListenerImpl - Obsolete content type encountered: 'application/x-javascript'.
2019-10-14 14:51:45,451 [main] INFO  com.gargoylesoftware.htmlunit.NicelyResynchronizingAjaxController - Re-synchronized call to https://login.sina.com.cn/sso/login.php?client=ssologin.js(v1.4.15)&_=1571035905430
2019-10-14 14:51:47,406 [main] WARN  com.gargoylesoftware.htmlunit.IncorrectnessListenerImpl - Obsolete content type encountered: 'application/x-javascript'.
2019-10-14 14:51:48,067 [main] WARN  com.gargoylesoftware.htmlunit.IncorrectnessListenerImpl - Obsolete content type encountered: 'application/x-javascript'.
2019-10-14 14:51:48,466 [main] WARN  com.gargoylesoftware.htmlunit.IncorrectnessListenerImpl - Obsolete content type encountered: 'text/javascript'.
2019-10-14 14:51:48,989 [main] WARN  com.gargoylesoftware.htmlunit.IncorrectnessListenerImpl - Obsolete content type encountered: 'text/javascript'.
2019-10-14 14:51:49,131 [main] WARN  com.gargoylesoftware.htmlunit.IncorrectnessListenerImpl - Obsolete content type encountered: 'text/javascript'.
2019-10-14 14:51:50,596 [main] WARN  com.gargoylesoftware.htmlunit.javascript.host.css.CSSStyleSheet - Unhandled CSS condition type 'PREFIX_ATTRIBUTE_CONDITION'. Accepting it silently.
2019-10-14 14:51:50,648 [main] ERROR com.gargoylesoftware.htmlunit.javascript.StrictErrorReporter - runtimeError: message=[An invalid or illegal selector was specified (selector: '*,:x' error: Invalid selector: *:x).] sourceName=[http://my.sina.com.cn/js/my/jquery-1.11.1.min.js] line=[2] lineSource=[null] lineOffset=[0]
2019-10-14 14:51:50,894 [main] WARN  com.gargoylesoftware.htmlunit.IncorrectnessListenerImpl - Obsolete content type encountered: 'application/x-javascript'.
2019-10-14 14:51:51,111 [main] WARN  com.gargoylesoftware.htmlunit.IncorrectnessListenerImpl - Expected content type of 'application/javascript' or 'application/ecmascript' for remotely loaded JavaScript element at 'http://s.weibo.com/ajax/jsonp/suggestion?Refer=sina_sug&&_t1571035910908_13611422&_cb=jsonp_1571035910909_24248367', but got 'text/html'.
2019-10-14 14:51:51,234 [main] WARN  com.gargoylesoftware.htmlunit.IncorrectnessListenerImpl - Obsolete content type encountered: 'text/javascript'.
2019-10-14 14:51:51,248 [main] WARN  com.gargoylesoftware.htmlunit.IncorrectnessListenerImpl - Obsolete content type encountered: 'text/javascript'.
2019-10-14 14:51:51,849 [main] WARN  com.gargoylesoftware.htmlunit.IncorrectnessListenerImpl - Obsolete content type encountered: 'application/x-javascript'.
2019-10-14 14:51:51,902 [main] WARN  com.gargoylesoftware.htmlunit.IncorrectnessListenerImpl - Obsolete content type encountered: 'application/x-javascript'.
2019-10-14 14:52:12,969 [main] ERROR com.gargoylesoftware.htmlunit.javascript.DefaultJavaScriptErrorListener - Error loading JavaScript from [http://int.dpool.sina.com.cn/iplookup/iplookup.php?format=js].
org.apache.http.conn.HttpHostConnectException: Connect to int.dpool.sina.com.cn:80 [int.dpool.sina.com.cn/10.83.236.159] failed: Connection timed out: connect
	at org.apache.http.impl.conn.DefaultHttpClientConnectionOperator.connect(DefaultHttpClientConnectionOperator.java:159)
	at org.apache.http.impl.conn.PoolingHttpClientConnectionManager.connect(PoolingHttpClientConnectionManager.java:373)
	at org.apache.http.impl.execchain.MainClientExec.establishRoute(MainClientExec.java:394)
	at org.apache.http.impl.execchain.MainClientExec.execute(MainClientExec.java:237)
	at org.apache.http.impl.execchain.ProtocolExec.execute(ProtocolExec.java:185)
	at org.apache.http.impl.execchain.RetryExec.execute(RetryExec.java:89)
	at org.apache.http.impl.execchain.RedirectExec.execute(RedirectExec.java:110)
	at org.apache.http.impl.client.InternalHttpClient.doExecute(InternalHttpClient.java:185)
	at org.apache.http.impl.client.CloseableHttpClient.execute(CloseableHttpClient.java:72)
	at com.gargoylesoftware.htmlunit.HttpWebConnection.getResponse(HttpWebConnection.java:192)
	at com.gargoylesoftware.htmlunit.WebClient.loadWebResponseFromWebConnection(WebClient.java:1402)
	at com.gargoylesoftware.htmlunit.WebClient.loadWebResponse(WebClient.java:1321)
	at com.gargoylesoftware.htmlunit.html.HtmlPage.loadJavaScriptFromUrl(HtmlPage.java:1026)
	at com.gargoylesoftware.htmlunit.html.HtmlPage.loadExternalJavaScriptFile(HtmlPage.java:978)
	at com.gargoylesoftware.htmlunit.html.HtmlScript.executeScriptIfNeeded(HtmlScript.java:371)
	at com.gargoylesoftware.htmlunit.html.HtmlScript$2.execute(HtmlScript.java:246)
	at com.gargoylesoftware.htmlunit.html.HtmlScript.onAllChildrenAddedToPage(HtmlScript.java:267)
	at com.gargoylesoftware.htmlunit.html.HTMLParser$HtmlUnitDOMBuilder.endElement(HTMLParser.java:802)
	at org.apache.xerces.parsers.AbstractSAXParser.endElement(Unknown Source)
	at com.gargoylesoftware.htmlunit.html.HTMLParser$HtmlUnitDOMBuilder.endElement(HTMLParser.java:758)
	at net.sourceforge.htmlunit.cyberneko.HTMLTagBalancer.callEndElement(HTMLTagBalancer.java:1194)
	at net.sourceforge.htmlunit.cyberneko.HTMLTagBalancer.endElement(HTMLTagBalancer.java:1134)
	at net.sourceforge.htmlunit.cyberneko.filters.DefaultFilter.endElement(DefaultFilter.java:221)
	at net.sourceforge.htmlunit.cyberneko.filters.NamespaceBinder.endElement(NamespaceBinder.java:314)
	at net.sourceforge.htmlunit.cyberneko.HTMLScanner$ContentScanner.scanEndElement(HTMLScanner.java:3179)
	at net.sourceforge.htmlunit.cyberneko.HTMLScanner$ContentScanner.scan(HTMLScanner.java:2132)
	at net.sourceforge.htmlunit.cyberneko.HTMLScanner.scanDocument(HTMLScanner.java:939)
	at net.sourceforge.htmlunit.cyberneko.HTMLConfiguration.parse(HTMLConfiguration.java:452)
	at net.sourceforge.htmlunit.cyberneko.HTMLConfiguration.parse(HTMLConfiguration.java:403)
	at org.apache.xerces.parsers.XMLParser.parse(Unknown Source)
	at com.gargoylesoftware.htmlunit.html.HTMLParser$HtmlUnitDOMBuilder.parse(HTMLParser.java:1001)
	at com.gargoylesoftware.htmlunit.html.HTMLParser.parse(HTMLParser.java:250)
	at com.gargoylesoftware.htmlunit.html.HTMLParser.parseHtml(HTMLParser.java:196)
	at com.gargoylesoftware.htmlunit.DefaultPageCreator.createHtmlPage(DefaultPageCreator.java:267)
	at com.gargoylesoftware.htmlunit.DefaultPageCreator.createPage(DefaultPageCreator.java:158)
	at com.gargoylesoftware.htmlunit.WebClient.loadWebResponseInto(WebClient.java:531)
	at com.gargoylesoftware.htmlunit.WebClient.loadDownloadedResponses(WebClient.java:2256)
	at com.gargoylesoftware.htmlunit.javascript.JavaScriptEngine.doProcessPostponedActions(JavaScriptEngine.java:923)
	at com.gargoylesoftware.htmlunit.javascript.JavaScriptEngine.access$200(JavaScriptEngine.java:104)
	at com.gargoylesoftware.htmlunit.javascript.JavaScriptEngine$HtmlUnitContextAction.run(JavaScriptEngine.java:887)
	at net.sourceforge.htmlunit.corejs.javascript.Context.call(Context.java:616)
	at net.sourceforge.htmlunit.corejs.javascript.ContextFactory.call(ContextFactory.java:534)
	at com.gargoylesoftware.htmlunit.javascript.JavaScriptEngine.execute(JavaScriptEngine.java:772)
	at com.gargoylesoftware.htmlunit.javascript.JavaScriptEngine.execute(JavaScriptEngine.java:748)
	at com.gargoylesoftware.htmlunit.javascript.JavaScriptEngine.execute(JavaScriptEngine.java:739)
	at com.gargoylesoftware.htmlunit.html.HtmlPage.executeJavaScript(HtmlPage.java:922)
	at com.gargoylesoftware.htmlunit.html.HtmlScript.executeInlineScriptIfNeeded(HtmlScript.java:316)
	at com.gargoylesoftware.htmlunit.html.HtmlScript.executeScriptIfNeeded(HtmlScript.java:396)
	at com.gargoylesoftware.htmlunit.html.HtmlScript$2.execute(HtmlScript.java:246)
	at com.gargoylesoftware.htmlunit.html.HtmlScript.onAllChildrenAddedToPage(HtmlScript.java:267)
	at com.gargoylesoftware.htmlunit.html.HTMLParser$HtmlUnitDOMBuilder.endElement(HTMLParser.java:802)
	at org.apache.xerces.parsers.AbstractSAXParser.endElement(Unknown Source)
	at com.gargoylesoftware.htmlunit.html.HTMLParser$HtmlUnitDOMBuilder.endElement(HTMLParser.java:758)
	at net.sourceforge.htmlunit.cyberneko.HTMLTagBalancer.callEndElement(HTMLTagBalancer.java:1194)
	at net.sourceforge.htmlunit.cyberneko.HTMLTagBalancer.endElement(HTMLTagBalancer.java:1134)
	at net.sourceforge.htmlunit.cyberneko.filters.DefaultFilter.endElement(DefaultFilter.java:221)
	at net.sourceforge.htmlunit.cyberneko.filters.NamespaceBinder.endElement(NamespaceBinder.java:314)
	at net.sourceforge.htmlunit.cyberneko.HTMLScanner$ContentScanner.scanEndElement(HTMLScanner.java:3179)
	at net.sourceforge.htmlunit.cyberneko.HTMLScanner$ContentScanner.scan(HTMLScanner.java:2132)
	at net.sourceforge.htmlunit.cyberneko.HTMLScanner.scanDocument(HTMLScanner.java:939)
	at net.sourceforge.htmlunit.cyberneko.HTMLConfiguration.parse(HTMLConfiguration.java:452)
	at net.sourceforge.htmlunit.cyberneko.HTMLConfiguration.parse(HTMLConfiguration.java:403)
	at org.apache.xerces.parsers.XMLParser.parse(Unknown Source)
	at com.gargoylesoftware.htmlunit.html.HTMLParser$HtmlUnitDOMBuilder.parse(HTMLParser.java:1001)
	at com.gargoylesoftware.htmlunit.html.HTMLParser.parse(HTMLParser.java:250)
	at com.gargoylesoftware.htmlunit.html.HTMLParser.parseHtml(HTMLParser.java:196)
	at com.gargoylesoftware.htmlunit.DefaultPageCreator.createHtmlPage(DefaultPageCreator.java:267)
	at com.gargoylesoftware.htmlunit.DefaultPageCreator.createPage(DefaultPageCreator.java:158)
	at com.gargoylesoftware.htmlunit.WebClient.loadWebResponseInto(WebClient.java:531)
	at com.gargoylesoftware.htmlunit.WebClient.loadDownloadedResponses(WebClient.java:2256)
	at com.gargoylesoftware.htmlunit.javascript.JavaScriptEngine.doProcessPostponedActions(JavaScriptEngine.java:923)
	at com.gargoylesoftware.htmlunit.javascript.JavaScriptEngine.access$200(JavaScriptEngine.java:104)
	at com.gargoylesoftware.htmlunit.javascript.JavaScriptEngine$HtmlUnitContextAction.run(JavaScriptEngine.java:887)
	at net.sourceforge.htmlunit.corejs.javascript.Context.call(Context.java:616)
	at net.sourceforge.htmlunit.corejs.javascript.ContextFactory.call(ContextFactory.java:534)
	at com.gargoylesoftware.htmlunit.javascript.JavaScriptEngine.execute(JavaScriptEngine.java:772)
	at com.gargoylesoftware.htmlunit.javascript.JavaScriptEngine.execute(JavaScriptEngine.java:748)
	at com.gargoylesoftware.htmlunit.javascript.JavaScriptEngine.execute(JavaScriptEngine.java:739)
	at com.gargoylesoftware.htmlunit.html.HtmlPage.executeJavaScript(HtmlPage.java:922)
	at com.gargoylesoftware.htmlunit.html.HtmlScript.executeInlineScriptIfNeeded(HtmlScript.java:316)
	at com.gargoylesoftware.htmlunit.html.HtmlScript.executeScriptIfNeeded(HtmlScript.java:396)
	at com.gargoylesoftware.htmlunit.html.HtmlScript$2.execute(HtmlScript.java:246)
	at com.gargoylesoftware.htmlunit.html.HtmlScript.onAllChildrenAddedToPage(HtmlScript.java:267)
	at com.gargoylesoftware.htmlunit.html.HTMLParser$HtmlUnitDOMBuilder.endElement(HTMLParser.java:802)
	at org.apache.xerces.parsers.AbstractSAXParser.endElement(Unknown Source)
	at com.gargoylesoftware.htmlunit.html.HTMLParser$HtmlUnitDOMBuilder.endElement(HTMLParser.java:758)
	at net.sourceforge.htmlunit.cyberneko.HTMLTagBalancer.callEndElement(HTMLTagBalancer.java:1194)
	at net.sourceforge.htmlunit.cyberneko.HTMLTagBalancer.endElement(HTMLTagBalancer.java:1134)
	at net.sourceforge.htmlunit.cyberneko.filters.DefaultFilter.endElement(DefaultFilter.java:221)
	at net.sourceforge.htmlunit.cyberneko.filters.NamespaceBinder.endElement(NamespaceBinder.java:314)
	at net.sourceforge.htmlunit.cyberneko.HTMLScanner$ContentScanner.scanEndElement(HTMLScanner.java:3179)
	at net.sourceforge.htmlunit.cyberneko.HTMLScanner$ContentScanner.scan(HTMLScanner.java:2132)
	at net.sourceforge.htmlunit.cyberneko.HTMLScanner.scanDocument(HTMLScanner.java:939)
	at net.sourceforge.htmlunit.cyberneko.HTMLConfiguration.parse(HTMLConfiguration.java:452)
	at net.sourceforge.htmlunit.cyberneko.HTMLConfiguration.parse(HTMLConfiguration.java:403)
	at org.apache.xerces.parsers.XMLParser.parse(Unknown Source)
	at com.gargoylesoftware.htmlunit.html.HTMLParser$HtmlUnitDOMBuilder.parse(HTMLParser.java:1001)
	at com.gargoylesoftware.htmlunit.html.HTMLParser.parse(HTMLParser.java:250)
	at com.gargoylesoftware.htmlunit.html.HTMLParser.parseHtml(HTMLParser.java:196)
	at com.gargoylesoftware.htmlunit.DefaultPageCreator.createHtmlPage(DefaultPageCreator.java:267)
	at com.gargoylesoftware.htmlunit.DefaultPageCreator.createPage(DefaultPageCreator.java:158)
	at com.gargoylesoftware.htmlunit.WebClient.loadWebResponseInto(WebClient.java:531)
	at com.gargoylesoftware.htmlunit.WebClient.loadDownloadedResponses(WebClient.java:2256)
	at com.gargoylesoftware.htmlunit.javascript.JavaScriptEngine.doProcessPostponedActions(JavaScriptEngine.java:923)
	at com.gargoylesoftware.htmlunit.javascript.JavaScriptEngine.access$200(JavaScriptEngine.java:104)
	at com.gargoylesoftware.htmlunit.javascript.JavaScriptEngine$HtmlUnitContextAction.run(JavaScriptEngine.java:887)
	at net.sourceforge.htmlunit.corejs.javascript.Context.call(Context.java:616)
	at net.sourceforge.htmlunit.corejs.javascript.ContextFactory.call(ContextFactory.java:534)
	at com.gargoylesoftware.htmlunit.javascript.JavaScriptEngine.execute(JavaScriptEngine.java:772)
	at com.gargoylesoftware.htmlunit.javascript.JavaScriptEngine.execute(JavaScriptEngine.java:748)
	at com.gargoylesoftware.htmlunit.javascript.JavaScriptEngine.execute(JavaScriptEngine.java:104)
	at com.gargoylesoftware.htmlunit.html.HtmlPage.loadExternalJavaScriptFile(HtmlPage.java:995)
	at com.gargoylesoftware.htmlunit.html.HtmlScript.executeScriptIfNeeded(HtmlScript.java:371)
	at com.gargoylesoftware.htmlunit.html.HtmlScript$2.execute(HtmlScript.java:246)
	at com.gargoylesoftware.htmlunit.javascript.JavaScriptEngine.doProcessPostponedActions(JavaScriptEngine.java:943)
	at com.gargoylesoftware.htmlunit.javascript.JavaScriptEngine.access$200(JavaScriptEngine.java:104)
	at com.gargoylesoftware.htmlunit.javascript.JavaScriptEngine$HtmlUnitContextAction.run(JavaScriptEngine.java:887)
	at net.sourceforge.htmlunit.corejs.javascript.Context.call(Context.java:616)
	at net.sourceforge.htmlunit.corejs.javascript.ContextFactory.call(ContextFactory.java:534)
	at com.gargoylesoftware.htmlunit.javascript.JavaScriptEngine.execute(JavaScriptEngine.java:772)
	at com.gargoylesoftware.htmlunit.javascript.JavaScriptEngine.execute(JavaScriptEngine.java:748)
	at com.gargoylesoftware.htmlunit.javascript.JavaScriptEngine.execute(JavaScriptEngine.java:739)
	at com.gargoylesoftware.htmlunit.html.HtmlPage.executeJavaScript(HtmlPage.java:922)
	at com.gargoylesoftware.htmlunit.html.HtmlScript.executeInlineScriptIfNeeded(HtmlScript.java:316)
	at com.gargoylesoftware.htmlunit.html.HtmlScript.executeScriptIfNeeded(HtmlScript.java:396)
	at com.gargoylesoftware.htmlunit.html.HtmlScript$2.execute(HtmlScript.java:246)
	at com.gargoylesoftware.htmlunit.html.HtmlScript.onAllChildrenAddedToPage(HtmlScript.java:267)
	at com.gargoylesoftware.htmlunit.html.HTMLParser$HtmlUnitDOMBuilder.endElement(HTMLParser.java:802)
	at org.apache.xerces.parsers.AbstractSAXParser.endElement(Unknown Source)
	at com.gargoylesoftware.htmlunit.html.HTMLParser$HtmlUnitDOMBuilder.endElement(HTMLParser.java:758)
	at net.sourceforge.htmlunit.cyberneko.HTMLTagBalancer.callEndElement(HTMLTagBalancer.java:1194)
	at net.sourceforge.htmlunit.cyberneko.HTMLTagBalancer.endElement(HTMLTagBalancer.java:1134)
	at net.sourceforge.htmlunit.cyberneko.filters.DefaultFilter.endElement(DefaultFilter.java:221)
	at net.sourceforge.htmlunit.cyberneko.filters.NamespaceBinder.endElement(NamespaceBinder.java:314)
	at net.sourceforge.htmlunit.cyberneko.HTMLScanner$ContentScanner.scanEndElement(HTMLScanner.java:3179)
	at net.sourceforge.htmlunit.cyberneko.HTMLScanner$ContentScanner.scan(HTMLScanner.java:2132)
	at net.sourceforge.htmlunit.cyberneko.HTMLScanner.scanDocument(HTMLScanner.java:939)
	at net.sourceforge.htmlunit.cyberneko.HTMLConfiguration.parse(HTMLConfiguration.java:452)
	at net.sourceforge.htmlunit.cyberneko.HTMLConfiguration.parse(HTMLConfiguration.java:403)
	at org.apache.xerces.parsers.XMLParser.parse(Unknown Source)
	at com.gargoylesoftware.htmlunit.html.HTMLParser$HtmlUnitDOMBuilder.parse(HTMLParser.java:1001)
	at com.gargoylesoftware.htmlunit.html.HTMLParser.parse(HTMLParser.java:250)
	at com.gargoylesoftware.htmlunit.html.HTMLParser.parseHtml(HTMLParser.java:196)
	at com.gargoylesoftware.htmlunit.DefaultPageCreator.createHtmlPage(DefaultPageCreator.java:267)
	at com.gargoylesoftware.htmlunit.DefaultPageCreator.createPage(DefaultPageCreator.java:158)
	at com.gargoylesoftware.htmlunit.WebClient.loadWebResponseInto(WebClient.java:531)
	at com.gargoylesoftware.htmlunit.WebClient.loadDownloadedResponses(WebClient.java:2256)
	at com.gargoylesoftware.htmlunit.javascript.JavaScriptEngine.doProcessPostponedActions(JavaScriptEngine.java:923)
	at com.gargoylesoftware.htmlunit.javascript.JavaScriptEngine.access$200(JavaScriptEngine.java:104)
	at com.gargoylesoftware.htmlunit.javascript.JavaScriptEngine$HtmlUnitContextAction.run(JavaScriptEngine.java:887)
	at net.sourceforge.htmlunit.corejs.javascript.Context.call(Context.java:616)
	at net.sourceforge.htmlunit.corejs.javascript.ContextFactory.call(ContextFactory.java:534)
	at com.gargoylesoftware.htmlunit.javascript.JavaScriptEngine.callFunction(JavaScriptEngine.java:821)
	at com.gargoylesoftware.htmlunit.javascript.host.xml.XMLHttpRequest.setState(XMLHttpRequest.java:204)
	at com.gargoylesoftware.htmlunit.javascript.host.xml.XMLHttpRequest.doSend(XMLHttpRequest.java:809)
	at com.gargoylesoftware.htmlunit.javascript.host.xml.XMLHttpRequest.send(XMLHttpRequest.java:627)
	at sun.reflect.NativeMethodAccessorImpl.invoke0(Native Method)
	at sun.reflect.NativeMethodAccessorImpl.invoke(NativeMethodAccessorImpl.java:62)
	at sun.reflect.DelegatingMethodAccessorImpl.invoke(DelegatingMethodAccessorImpl.java:43)
	at java.lang.reflect.Method.invoke(Method.java:498)
	at net.sourceforge.htmlunit.corejs.javascript.MemberBox.invoke(MemberBox.java:158)
	at net.sourceforge.htmlunit.corejs.javascript.FunctionObject.call(FunctionObject.java:448)
	at net.sourceforge.htmlunit.corejs.javascript.Interpreter.interpretLoop(Interpreter.java:1674)
	at net.sourceforge.htmlunit.corejs.javascript.Interpreter.interpret(Interpreter.java:1009)
	at net.sourceforge.htmlunit.corejs.javascript.InterpretedFunction.call(InterpretedFunction.java:111)
	at net.sourceforge.htmlunit.corejs.javascript.ContextFactory.doTopCall(ContextFactory.java:424)
	at com.gargoylesoftware.htmlunit.javascript.HtmlUnitContextFactory.doTopCall(HtmlUnitContextFactory.java:330)
	at net.sourceforge.htmlunit.corejs.javascript.ScriptRuntime.doTopCall(ScriptRuntime.java:3557)
	at net.sourceforge.htmlunit.corejs.javascript.InterpretedFunction.exec(InterpretedFunction.java:123)
	at com.gargoylesoftware.htmlunit.javascript.JavaScriptEngine$2.doRun(JavaScriptEngine.java:763)
	at com.gargoylesoftware.htmlunit.javascript.JavaScriptEngine$HtmlUnitContextAction.run(JavaScriptEngine.java:877)
	at net.sourceforge.htmlunit.corejs.javascript.Context.call(Context.java:616)
	at net.sourceforge.htmlunit.corejs.javascript.ContextFactory.call(ContextFactory.java:534)
	at com.gargoylesoftware.htmlunit.javascript.JavaScriptEngine.execute(JavaScriptEngine.java:772)
	at com.gargoylesoftware.htmlunit.javascript.JavaScriptEngine.execute(JavaScriptEngine.java:748)
	at com.gargoylesoftware.htmlunit.javascript.JavaScriptEngine.execute(JavaScriptEngine.java:104)
	at com.gargoylesoftware.htmlunit.html.HtmlPage.loadExternalJavaScriptFile(HtmlPage.java:995)
	at com.gargoylesoftware.htmlunit.html.HtmlScript.executeScriptIfNeeded(HtmlScript.java:371)
	at com.gargoylesoftware.htmlunit.html.HtmlScript$2.execute(HtmlScript.java:246)
	at com.gargoylesoftware.htmlunit.javascript.JavaScriptEngine.doProcessPostponedActions(JavaScriptEngine.java:943)
	at com.gargoylesoftware.htmlunit.javascript.JavaScriptEngine.processPostponedActions(JavaScriptEngine.java:1013)
	at com.gargoylesoftware.htmlunit.html.DomElement.click(DomElement.java:1024)
	at com.gargoylesoftware.htmlunit.html.DomElement.click(DomElement.java:965)
	at com.gargoylesoftware.htmlunit.html.DomElement.click(DomElement.java:895)
	at com.gargoylesoftware.htmlunit.html.DomElement.click(DomElement.java:876)
	at com.gargoylesoftware.htmlunit.html.DomElement.click(DomElement.java:857)
	at com.asianwallets.task.service.weibo.impl.WeiboServiceImpl.grab(WeiboServiceImpl.java:62)
	at com.asianwallets.task.ISearchTaskApplicationTests.test(ISearchTaskApplicationTests.java:79)
	at sun.reflect.NativeMethodAccessorImpl.invoke0(Native Method)
	at sun.reflect.NativeMethodAccessorImpl.invoke(NativeMethodAccessorImpl.java:62)
	at sun.reflect.DelegatingMethodAccessorImpl.invoke(DelegatingMethodAccessorImpl.java:43)
	at java.lang.reflect.Method.invoke(Method.java:498)
	at org.junit.runners.model.FrameworkMethod$1.runReflectiveCall(FrameworkMethod.java:50)
	at org.junit.internal.runners.model.ReflectiveCallable.run(ReflectiveCallable.java:12)
	at org.junit.runners.model.FrameworkMethod.invokeExplosively(FrameworkMethod.java:47)
	at org.junit.internal.runners.statements.InvokeMethod.evaluate(InvokeMethod.java:17)
	at org.springframework.test.context.junit4.statements.RunBeforeTestExecutionCallbacks.evaluate(RunBeforeTestExecutionCallbacks.java:74)
	at org.springframework.test.context.junit4.statements.RunAfterTestExecutionCallbacks.evaluate(RunAfterTestExecutionCallbacks.java:84)
	at org.springframework.test.context.junit4.statements.RunBeforeTestMethodCallbacks.evaluate(RunBeforeTestMethodCallbacks.java:75)
	at org.springframework.test.context.junit4.statements.RunAfterTestMethodCallbacks.evaluate(RunAfterTestMethodCallbacks.java:86)
	at org.springframework.test.context.junit4.statements.SpringRepeat.evaluate(SpringRepeat.java:84)
	at org.junit.runners.ParentRunner.runLeaf(ParentRunner.java:325)
	at org.springframework.test.context.junit4.SpringJUnit4ClassRunner.runChild(SpringJUnit4ClassRunner.java:251)
	at org.springframework.test.context.junit4.SpringJUnit4ClassRunner.runChild(SpringJUnit4ClassRunner.java:97)
	at org.junit.runners.ParentRunner$3.run(ParentRunner.java:290)
	at org.junit.runners.ParentRunner$1.schedule(ParentRunner.java:71)
	at org.junit.runners.ParentRunner.runChildren(ParentRunner.java:288)
	at org.junit.runners.ParentRunner.access$000(ParentRunner.java:58)
	at org.junit.runners.ParentRunner$2.evaluate(ParentRunner.java:268)
	at org.springframework.test.context.junit4.statements.RunBeforeTestClassCallbacks.evaluate(RunBeforeTestClassCallbacks.java:61)
	at org.springframework.test.context.junit4.statements.RunAfterTestClassCallbacks.evaluate(RunAfterTestClassCallbacks.java:70)
	at org.junit.runners.ParentRunner.run(ParentRunner.java:363)
	at org.springframework.test.context.junit4.SpringJUnit4ClassRunner.run(SpringJUnit4ClassRunner.java:190)
	at org.junit.runner.JUnitCore.run(JUnitCore.java:137)
	at com.intellij.junit4.JUnit4IdeaTestRunner.startRunnerWithArgs(JUnit4IdeaTestRunner.java:68)
	at com.intellij.rt.execution.junit.IdeaTestRunner$Repeater.startRunnerWithArgs(IdeaTestRunner.java:47)
	at com.intellij.rt.execution.junit.JUnitStarter.prepareStreamsAndStart(JUnitStarter.java:242)
	at com.intellij.rt.execution.junit.JUnitStarter.main(JUnitStarter.java:70)
Caused by: java.net.ConnectException: Connection timed out: connect
	at java.net.DualStackPlainSocketImpl.waitForConnect(Native Method)
	at java.net.DualStackPlainSocketImpl.socketConnect(DualStackPlainSocketImpl.java:85)
	at java.net.AbstractPlainSocketImpl.doConnect(AbstractPlainSocketImpl.java:350)
	at java.net.AbstractPlainSocketImpl.connectToAddress(AbstractPlainSocketImpl.java:206)
	at java.net.AbstractPlainSocketImpl.connect(AbstractPlainSocketImpl.java:188)
	at java.net.PlainSocketImpl.connect(PlainSocketImpl.java:172)
	at java.net.SocksSocketImpl.connect(SocksSocketImpl.java:392)
	at java.net.Socket.connect(Socket.java:589)
	at org.apache.http.conn.socket.PlainConnectionSocketFactory.connectSocket(PlainConnectionSocketFactory.java:75)
	at org.apache.http.impl.conn.DefaultHttpClientConnectionOperator.connect(DefaultHttpClientConnectionOperator.java:142)
	... 217 common frames omitted
2019-10-14 14:52:13,112 [main] INFO  com.gargoylesoftware.htmlunit.javascript.JavaScriptEngine - Caught script exception
com.gargoylesoftware.htmlunit.ScriptException: ReferenceError: "remote_ip_info" is not defined. (http://my.sina.com.cn/js/my/weather.js#25)
	at com.gargoylesoftware.htmlunit.javascript.JavaScriptEngine$HtmlUnitContextAction.run(JavaScriptEngine.java:892)
	at net.sourceforge.htmlunit.corejs.javascript.Context.call(Context.java:616)
	at net.sourceforge.htmlunit.corejs.javascript.ContextFactory.call(ContextFactory.java:534)
	at com.gargoylesoftware.htmlunit.javascript.JavaScriptEngine.execute(JavaScriptEngine.java:772)
	at com.gargoylesoftware.htmlunit.javascript.JavaScriptEngine.execute(JavaScriptEngine.java:748)
	at com.gargoylesoftware.htmlunit.javascript.JavaScriptEngine.execute(JavaScriptEngine.java:104)
	at com.gargoylesoftware.htmlunit.html.HtmlPage.loadExternalJavaScriptFile(HtmlPage.java:995)
	at com.gargoylesoftware.htmlunit.html.HtmlScript.executeScriptIfNeeded(HtmlScript.java:371)
	at com.gargoylesoftware.htmlunit.html.HtmlScript$2.execute(HtmlScript.java:246)
	at com.gargoylesoftware.htmlunit.html.HtmlScript.onAllChildrenAddedToPage(HtmlScript.java:267)
	at com.gargoylesoftware.htmlunit.html.HTMLParser$HtmlUnitDOMBuilder.endElement(HTMLParser.java:802)
	at org.apache.xerces.parsers.AbstractSAXParser.endElement(Unknown Source)
	at com.gargoylesoftware.htmlunit.html.HTMLParser$HtmlUnitDOMBuilder.endElement(HTMLParser.java:758)
	at net.sourceforge.htmlunit.cyberneko.HTMLTagBalancer.callEndElement(HTMLTagBalancer.java:1194)
	at net.sourceforge.htmlunit.cyberneko.HTMLTagBalancer.endElement(HTMLTagBalancer.java:1134)
	at net.sourceforge.htmlunit.cyberneko.filters.DefaultFilter.endElement(DefaultFilter.java:221)
	at net.sourceforge.htmlunit.cyberneko.filters.NamespaceBinder.endElement(NamespaceBinder.java:314)
	at net.sourceforge.htmlunit.cyberneko.HTMLScanner$ContentScanner.scanEndElement(HTMLScanner.java:3179)
	at net.sourceforge.htmlunit.cyberneko.HTMLScanner$ContentScanner.scan(HTMLScanner.java:2132)
	at net.sourceforge.htmlunit.cyberneko.HTMLScanner.scanDocument(HTMLScanner.java:939)
	at net.sourceforge.htmlunit.cyberneko.HTMLConfiguration.parse(HTMLConfiguration.java:452)
	at net.sourceforge.htmlunit.cyberneko.HTMLConfiguration.parse(HTMLConfiguration.java:403)
	at org.apache.xerces.parsers.XMLParser.parse(Unknown Source)
	at com.gargoylesoftware.htmlunit.html.HTMLParser$HtmlUnitDOMBuilder.parse(HTMLParser.java:1001)
	at com.gargoylesoftware.htmlunit.html.HTMLParser.parse(HTMLParser.java:250)
	at com.gargoylesoftware.htmlunit.html.HTMLParser.parseHtml(HTMLParser.java:196)
	at com.gargoylesoftware.htmlunit.DefaultPageCreator.createHtmlPage(DefaultPageCreator.java:267)
	at com.gargoylesoftware.htmlunit.DefaultPageCreator.createPage(DefaultPageCreator.java:158)
	at com.gargoylesoftware.htmlunit.WebClient.loadWebResponseInto(WebClient.java:531)
	at com.gargoylesoftware.htmlunit.WebClient.loadDownloadedResponses(WebClient.java:2256)
	at com.gargoylesoftware.htmlunit.javascript.JavaScriptEngine.doProcessPostponedActions(JavaScriptEngine.java:923)
	at com.gargoylesoftware.htmlunit.javascript.JavaScriptEngine.access$200(JavaScriptEngine.java:104)
	at com.gargoylesoftware.htmlunit.javascript.JavaScriptEngine$HtmlUnitContextAction.run(JavaScriptEngine.java:887)
	at net.sourceforge.htmlunit.corejs.javascript.Context.call(Context.java:616)
	at net.sourceforge.htmlunit.corejs.javascript.ContextFactory.call(ContextFactory.java:534)
	at com.gargoylesoftware.htmlunit.javascript.JavaScriptEngine.execute(JavaScriptEngine.java:772)
	at com.gargoylesoftware.htmlunit.javascript.JavaScriptEngine.execute(JavaScriptEngine.java:748)
	at com.gargoylesoftware.htmlunit.javascript.JavaScriptEngine.execute(JavaScriptEngine.java:739)
	at com.gargoylesoftware.htmlunit.html.HtmlPage.executeJavaScript(HtmlPage.java:922)
	at com.gargoylesoftware.htmlunit.html.HtmlScript.executeInlineScriptIfNeeded(HtmlScript.java:316)
	at com.gargoylesoftware.htmlunit.html.HtmlScript.executeScriptIfNeeded(HtmlScript.java:396)
	at com.gargoylesoftware.htmlunit.html.HtmlScript$2.execute(HtmlScript.java:246)
	at com.gargoylesoftware.htmlunit.html.HtmlScript.onAllChildrenAddedToPage(HtmlScript.java:267)
	at com.gargoylesoftware.htmlunit.html.HTMLParser$HtmlUnitDOMBuilder.endElement(HTMLParser.java:802)
	at org.apache.xerces.parsers.AbstractSAXParser.endElement(Unknown Source)
	at com.gargoylesoftware.htmlunit.html.HTMLParser$HtmlUnitDOMBuilder.endElement(HTMLParser.java:758)
	at net.sourceforge.htmlunit.cyberneko.HTMLTagBalancer.callEndElement(HTMLTagBalancer.java:1194)
	at net.sourceforge.htmlunit.cyberneko.HTMLTagBalancer.endElement(HTMLTagBalancer.java:1134)
	at net.sourceforge.htmlunit.cyberneko.filters.DefaultFilter.endElement(DefaultFilter.java:221)
	at net.sourceforge.htmlunit.cyberneko.filters.NamespaceBinder.endElement(NamespaceBinder.java:314)
	at net.sourceforge.htmlunit.cyberneko.HTMLScanner$ContentScanner.scanEndElement(HTMLScanner.java:3179)
	at net.sourceforge.htmlunit.cyberneko.HTMLScanner$ContentScanner.scan(HTMLScanner.java:2132)
	at net.sourceforge.htmlunit.cyberneko.HTMLScanner.scanDocument(HTMLScanner.java:939)
	at net.sourceforge.htmlunit.cyberneko.HTMLConfiguration.parse(HTMLConfiguration.java:452)
	at net.sourceforge.htmlunit.cyberneko.HTMLConfiguration.parse(HTMLConfiguration.java:403)
	at org.apache.xerces.parsers.XMLParser.parse(Unknown Source)
	at com.gargoylesoftware.htmlunit.html.HTMLParser$HtmlUnitDOMBuilder.parse(HTMLParser.java:1001)
	at com.gargoylesoftware.htmlunit.html.HTMLParser.parse(HTMLParser.java:250)
	at com.gargoylesoftware.htmlunit.html.HTMLParser.parseHtml(HTMLParser.java:196)
	at com.gargoylesoftware.htmlunit.DefaultPageCreator.createHtmlPage(DefaultPageCreator.java:267)
	at com.gargoylesoftware.htmlunit.DefaultPageCreator.createPage(DefaultPageCreator.java:158)
	at com.gargoylesoftware.htmlunit.WebClient.loadWebResponseInto(WebClient.java:531)
	at com.gargoylesoftware.htmlunit.WebClient.loadDownloadedResponses(WebClient.java:2256)
	at com.gargoylesoftware.htmlunit.javascript.JavaScriptEngine.doProcessPostponedActions(JavaScriptEngine.java:923)
	at com.gargoylesoftware.htmlunit.javascript.JavaScriptEngine.access$200(JavaScriptEngine.java:104)
	at com.gargoylesoftware.htmlunit.javascript.JavaScriptEngine$HtmlUnitContextAction.run(JavaScriptEngine.java:887)
	at net.sourceforge.htmlunit.corejs.javascript.Context.call(Context.java:616)
	at net.sourceforge.htmlunit.corejs.javascript.ContextFactory.call(ContextFactory.java:534)
	at com.gargoylesoftware.htmlunit.javascript.JavaScriptEngine.execute(JavaScriptEngine.java:772)
	at com.gargoylesoftware.htmlunit.javascript.JavaScriptEngine.execute(JavaScriptEngine.java:748)
	at com.gargoylesoftware.htmlunit.javascript.JavaScriptEngine.execute(JavaScriptEngine.java:739)
	at com.gargoylesoftware.htmlunit.html.HtmlPage.executeJavaScript(HtmlPage.java:922)
	at com.gargoylesoftware.htmlunit.html.HtmlScript.executeInlineScriptIfNeeded(HtmlScript.java:316)
	at com.gargoylesoftware.htmlunit.html.HtmlScript.executeScriptIfNeeded(HtmlScript.java:396)
	at com.gargoylesoftware.htmlunit.html.HtmlScript$2.execute(HtmlScript.java:246)
	at com.gargoylesoftware.htmlunit.html.HtmlScript.onAllChildrenAddedToPage(HtmlScript.java:267)
	at com.gargoylesoftware.htmlunit.html.HTMLParser$HtmlUnitDOMBuilder.endElement(HTMLParser.java:802)
	at org.apache.xerces.parsers.AbstractSAXParser.endElement(Unknown Source)
	at com.gargoylesoftware.htmlunit.html.HTMLParser$HtmlUnitDOMBuilder.endElement(HTMLParser.java:758)
	at net.sourceforge.htmlunit.cyberneko.HTMLTagBalancer.callEndElement(HTMLTagBalancer.java:1194)
	at net.sourceforge.htmlunit.cyberneko.HTMLTagBalancer.endElement(HTMLTagBalancer.java:1134)
	at net.sourceforge.htmlunit.cyberneko.filters.DefaultFilter.endElement(DefaultFilter.java:221)
	at net.sourceforge.htmlunit.cyberneko.filters.NamespaceBinder.endElement(NamespaceBinder.java:314)
	at net.sourceforge.htmlunit.cyberneko.HTMLScanner$ContentScanner.scanEndElement(HTMLScanner.java:3179)
	at net.sourceforge.htmlunit.cyberneko.HTMLScanner$ContentScanner.scan(HTMLScanner.java:2132)
	at net.sourceforge.htmlunit.cyberneko.HTMLScanner.scanDocument(HTMLScanner.java:939)
	at net.sourceforge.htmlunit.cyberneko.HTMLConfiguration.parse(HTMLConfiguration.java:452)
	at net.sourceforge.htmlunit.cyberneko.HTMLConfiguration.parse(HTMLConfiguration.java:403)
	at org.apache.xerces.parsers.XMLParser.parse(Unknown Source)
	at com.gargoylesoftware.htmlunit.html.HTMLParser$HtmlUnitDOMBuilder.parse(HTMLParser.java:1001)
	at com.gargoylesoftware.htmlunit.html.HTMLParser.parse(HTMLParser.java:250)
	at com.gargoylesoftware.htmlunit.html.HTMLParser.parseHtml(HTMLParser.java:196)
	at com.gargoylesoftware.htmlunit.DefaultPageCreator.createHtmlPage(DefaultPageCreator.java:267)
	at com.gargoylesoftware.htmlunit.DefaultPageCreator.createPage(DefaultPageCreator.java:158)
	at com.gargoylesoftware.htmlunit.WebClient.loadWebResponseInto(WebClient.java:531)
	at com.gargoylesoftware.htmlunit.WebClient.loadDownloadedResponses(WebClient.java:2256)
	at com.gargoylesoftware.htmlunit.javascript.JavaScriptEngine.doProcessPostponedActions(JavaScriptEngine.java:923)
	at com.gargoylesoftware.htmlunit.javascript.JavaScriptEngine.access$200(JavaScriptEngine.java:104)
	at com.gargoylesoftware.htmlunit.javascript.JavaScriptEngine$HtmlUnitContextAction.run(JavaScriptEngine.java:887)
	at net.sourceforge.htmlunit.corejs.javascript.Context.call(Context.java:616)
	at net.sourceforge.htmlunit.corejs.javascript.ContextFactory.call(ContextFactory.java:534)
	at com.gargoylesoftware.htmlunit.javascript.JavaScriptEngine.execute(JavaScriptEngine.java:772)
	at com.gargoylesoftware.htmlunit.javascript.JavaScriptEngine.execute(JavaScriptEngine.java:748)
	at com.gargoylesoftware.htmlunit.javascript.JavaScriptEngine.execute(JavaScriptEngine.java:104)
	at com.gargoylesoftware.htmlunit.html.HtmlPage.loadExternalJavaScriptFile(HtmlPage.java:995)
	at com.gargoylesoftware.htmlunit.html.HtmlScript.executeScriptIfNeeded(HtmlScript.java:371)
	at com.gargoylesoftware.htmlunit.html.HtmlScript$2.execute(HtmlScript.java:246)
	at com.gargoylesoftware.htmlunit.javascript.JavaScriptEngine.doProcessPostponedActions(JavaScriptEngine.java:943)
	at com.gargoylesoftware.htmlunit.javascript.JavaScriptEngine.access$200(JavaScriptEngine.java:104)
	at com.gargoylesoftware.htmlunit.javascript.JavaScriptEngine$HtmlUnitContextAction.run(JavaScriptEngine.java:887)
	at net.sourceforge.htmlunit.corejs.javascript.Context.call(Context.java:616)
	at net.sourceforge.htmlunit.corejs.javascript.ContextFactory.call(ContextFactory.java:534)
	at com.gargoylesoftware.htmlunit.javascript.JavaScriptEngine.execute(JavaScriptEngine.java:772)
	at com.gargoylesoftware.htmlunit.javascript.JavaScriptEngine.execute(JavaScriptEngine.java:748)
	at com.gargoylesoftware.htmlunit.javascript.JavaScriptEngine.execute(JavaScriptEngine.java:739)
	at com.gargoylesoftware.htmlunit.html.HtmlPage.executeJavaScript(HtmlPage.java:922)
	at com.gargoylesoftware.htmlunit.html.HtmlScript.executeInlineScriptIfNeeded(HtmlScript.java:316)
	at com.gargoylesoftware.htmlunit.html.HtmlScript.executeScriptIfNeeded(HtmlScript.java:396)
	at com.gargoylesoftware.htmlunit.html.HtmlScript$2.execute(HtmlScript.java:246)
	at com.gargoylesoftware.htmlunit.html.HtmlScript.onAllChildrenAddedToPage(HtmlScript.java:267)
	at com.gargoylesoftware.htmlunit.html.HTMLParser$HtmlUnitDOMBuilder.endElement(HTMLParser.java:802)
	at org.apache.xerces.parsers.AbstractSAXParser.endElement(Unknown Source)
	at com.gargoylesoftware.htmlunit.html.HTMLParser$HtmlUnitDOMBuilder.endElement(HTMLParser.java:758)
	at net.sourceforge.htmlunit.cyberneko.HTMLTagBalancer.callEndElement(HTMLTagBalancer.java:1194)
	at net.sourceforge.htmlunit.cyberneko.HTMLTagBalancer.endElement(HTMLTagBalancer.java:1134)
	at net.sourceforge.htmlunit.cyberneko.filters.DefaultFilter.endElement(DefaultFilter.java:221)
	at net.sourceforge.htmlunit.cyberneko.filters.NamespaceBinder.endElement(NamespaceBinder.java:314)
	at net.sourceforge.htmlunit.cyberneko.HTMLScanner$ContentScanner.scanEndElement(HTMLScanner.java:3179)
	at net.sourceforge.htmlunit.cyberneko.HTMLScanner$ContentScanner.scan(HTMLScanner.java:2132)
	at net.sourceforge.htmlunit.cyberneko.HTMLScanner.scanDocument(HTMLScanner.java:939)
	at net.sourceforge.htmlunit.cyberneko.HTMLConfiguration.parse(HTMLConfiguration.java:452)
	at net.sourceforge.htmlunit.cyberneko.HTMLConfiguration.parse(HTMLConfiguration.java:403)
	at org.apache.xerces.parsers.XMLParser.parse(Unknown Source)
	at com.gargoylesoftware.htmlunit.html.HTMLParser$HtmlUnitDOMBuilder.parse(HTMLParser.java:1001)
	at com.gargoylesoftware.htmlunit.html.HTMLParser.parse(HTMLParser.java:250)
	at com.gargoylesoftware.htmlunit.html.HTMLParser.parseHtml(HTMLParser.java:196)
	at com.gargoylesoftware.htmlunit.DefaultPageCreator.createHtmlPage(DefaultPageCreator.java:267)
	at com.gargoylesoftware.htmlunit.DefaultPageCreator.createPage(DefaultPageCreator.java:158)
	at com.gargoylesoftware.htmlunit.WebClient.loadWebResponseInto(WebClient.java:531)
	at com.gargoylesoftware.htmlunit.WebClient.loadDownloadedResponses(WebClient.java:2256)
	at com.gargoylesoftware.htmlunit.javascript.JavaScriptEngine.doProcessPostponedActions(JavaScriptEngine.java:923)
	at com.gargoylesoftware.htmlunit.javascript.JavaScriptEngine.access$200(JavaScriptEngine.java:104)
	at com.gargoylesoftware.htmlunit.javascript.JavaScriptEngine$HtmlUnitContextAction.run(JavaScriptEngine.java:887)
	at net.sourceforge.htmlunit.corejs.javascript.Context.call(Context.java:616)
	at net.sourceforge.htmlunit.corejs.javascript.ContextFactory.call(ContextFactory.java:534)
	at com.gargoylesoftware.htmlunit.javascript.JavaScriptEngine.callFunction(JavaScriptEngine.java:821)
	at com.gargoylesoftware.htmlunit.javascript.host.xml.XMLHttpRequest.setState(XMLHttpRequest.java:204)
	at com.gargoylesoftware.htmlunit.javascript.host.xml.XMLHttpRequest.doSend(XMLHttpRequest.java:809)
	at com.gargoylesoftware.htmlunit.javascript.host.xml.XMLHttpRequest.send(XMLHttpRequest.java:627)
	at sun.reflect.NativeMethodAccessorImpl.invoke0(Native Method)
	at sun.reflect.NativeMethodAccessorImpl.invoke(NativeMethodAccessorImpl.java:62)
	at sun.reflect.DelegatingMethodAccessorImpl.invoke(DelegatingMethodAccessorImpl.java:43)
	at java.lang.reflect.Method.invoke(Method.java:498)
	at net.sourceforge.htmlunit.corejs.javascript.MemberBox.invoke(MemberBox.java:158)
	at net.sourceforge.htmlunit.corejs.javascript.FunctionObject.call(FunctionObject.java:448)
	at net.sourceforge.htmlunit.corejs.javascript.Interpreter.interpretLoop(Interpreter.java:1674)
	at net.sourceforge.htmlunit.corejs.javascript.Interpreter.interpret(Interpreter.java:1009)
	at net.sourceforge.htmlunit.corejs.javascript.InterpretedFunction.call(InterpretedFunction.java:111)
	at net.sourceforge.htmlunit.corejs.javascript.ContextFactory.doTopCall(ContextFactory.java:424)
	at com.gargoylesoftware.htmlunit.javascript.HtmlUnitContextFactory.doTopCall(HtmlUnitContextFactory.java:330)
	at net.sourceforge.htmlunit.corejs.javascript.ScriptRuntime.doTopCall(ScriptRuntime.java:3557)
	at net.sourceforge.htmlunit.corejs.javascript.InterpretedFunction.exec(InterpretedFunction.java:123)
	at com.gargoylesoftware.htmlunit.javascript.JavaScriptEngine$2.doRun(JavaScriptEngine.java:763)
	at com.gargoylesoftware.htmlunit.javascript.JavaScriptEngine$HtmlUnitContextAction.run(JavaScriptEngine.java:877)
	at net.sourceforge.htmlunit.corejs.javascript.Context.call(Context.java:616)
	at net.sourceforge.htmlunit.corejs.javascript.ContextFactory.call(ContextFactory.java:534)
	at com.gargoylesoftware.htmlunit.javascript.JavaScriptEngine.execute(JavaScriptEngine.java:772)
	at com.gargoylesoftware.htmlunit.javascript.JavaScriptEngine.execute(JavaScriptEngine.java:748)
	at com.gargoylesoftware.htmlunit.javascript.JavaScriptEngine.execute(JavaScriptEngine.java:104)
	at com.gargoylesoftware.htmlunit.html.HtmlPage.loadExternalJavaScriptFile(HtmlPage.java:995)
	at com.gargoylesoftware.htmlunit.html.HtmlScript.executeScriptIfNeeded(HtmlScript.java:371)
	at com.gargoylesoftware.htmlunit.html.HtmlScript$2.execute(HtmlScript.java:246)
	at com.gargoylesoftware.htmlunit.javascript.JavaScriptEngine.doProcessPostponedActions(JavaScriptEngine.java:943)
	at com.gargoylesoftware.htmlunit.javascript.JavaScriptEngine.processPostponedActions(JavaScriptEngine.java:1013)
	at com.gargoylesoftware.htmlunit.html.DomElement.click(DomElement.java:1024)
	at com.gargoylesoftware.htmlunit.html.DomElement.click(DomElement.java:965)
	at com.gargoylesoftware.htmlunit.html.DomElement.click(DomElement.java:895)
	at com.gargoylesoftware.htmlunit.html.DomElement.click(DomElement.java:876)
	at com.gargoylesoftware.htmlunit.html.DomElement.click(DomElement.java:857)
	at com.asianwallets.task.service.weibo.impl.WeiboServiceImpl.grab(WeiboServiceImpl.java:62)
	at com.asianwallets.task.ISearchTaskApplicationTests.test(ISearchTaskApplicationTests.java:79)
	at sun.reflect.NativeMethodAccessorImpl.invoke0(Native Method)
	at sun.reflect.NativeMethodAccessorImpl.invoke(NativeMethodAccessorImpl.java:62)
	at sun.reflect.DelegatingMethodAccessorImpl.invoke(DelegatingMethodAccessorImpl.java:43)
	at java.lang.reflect.Method.invoke(Method.java:498)
	at org.junit.runners.model.FrameworkMethod$1.runReflectiveCall(FrameworkMethod.java:50)
	at org.junit.internal.runners.model.ReflectiveCallable.run(ReflectiveCallable.java:12)
	at org.junit.runners.model.FrameworkMethod.invokeExplosively(FrameworkMethod.java:47)
	at org.junit.internal.runners.statements.InvokeMethod.evaluate(InvokeMethod.java:17)
	at org.springframework.test.context.junit4.statements.RunBeforeTestExecutionCallbacks.evaluate(RunBeforeTestExecutionCallbacks.java:74)
	at org.springframework.test.context.junit4.statements.RunAfterTestExecutionCallbacks.evaluate(RunAfterTestExecutionCallbacks.java:84)
	at org.springframework.test.context.junit4.statements.RunBeforeTestMethodCallbacks.evaluate(RunBeforeTestMethodCallbacks.java:75)
	at org.springframework.test.context.junit4.statements.RunAfterTestMethodCallbacks.evaluate(RunAfterTestMethodCallbacks.java:86)
	at org.springframework.test.context.junit4.statements.SpringRepeat.evaluate(SpringRepeat.java:84)
	at org.junit.runners.ParentRunner.runLeaf(ParentRunner.java:325)
	at org.springframework.test.context.junit4.SpringJUnit4ClassRunner.runChild(SpringJUnit4ClassRunner.java:251)
	at org.springframework.test.context.junit4.SpringJUnit4ClassRunner.runChild(SpringJUnit4ClassRunner.java:97)
	at org.junit.runners.ParentRunner$3.run(ParentRunner.java:290)
	at org.junit.runners.ParentRunner$1.schedule(ParentRunner.java:71)
	at org.junit.runners.ParentRunner.runChildren(ParentRunner.java:288)
	at org.junit.runners.ParentRunner.access$000(ParentRunner.java:58)
	at org.junit.runners.ParentRunner$2.evaluate(ParentRunner.java:268)
	at org.springframework.test.context.junit4.statements.RunBeforeTestClassCallbacks.evaluate(RunBeforeTestClassCallbacks.java:61)
	at org.springframework.test.context.junit4.statements.RunAfterTestClassCallbacks.evaluate(RunAfterTestClassCallbacks.java:70)
	at org.junit.runners.ParentRunner.run(ParentRunner.java:363)
	at org.springframework.test.context.junit4.SpringJUnit4ClassRunner.run(SpringJUnit4ClassRunner.java:190)
	at org.junit.runner.JUnitCore.run(JUnitCore.java:137)
	at com.intellij.junit4.JUnit4IdeaTestRunner.startRunnerWithArgs(JUnit4IdeaTestRunner.java:68)
	at com.intellij.rt.execution.junit.IdeaTestRunner$Repeater.startRunnerWithArgs(IdeaTestRunner.java:47)
	at com.intellij.rt.execution.junit.JUnitStarter.prepareStreamsAndStart(JUnitStarter.java:242)
	at com.intellij.rt.execution.junit.JUnitStarter.main(JUnitStarter.java:70)
Caused by: net.sourceforge.htmlunit.corejs.javascript.EcmaError: ReferenceError: "remote_ip_info" is not defined. (http://my.sina.com.cn/js/my/weather.js#25)
	at net.sourceforge.htmlunit.corejs.javascript.ScriptRuntime.constructError(ScriptRuntime.java:4263)
	at net.sourceforge.htmlunit.corejs.javascript.ScriptRuntime.constructError(ScriptRuntime.java:4241)
	at net.sourceforge.htmlunit.corejs.javascript.ScriptRuntime.notFoundError(ScriptRuntime.java:4335)
	at net.sourceforge.htmlunit.corejs.javascript.ScriptRuntime.nameOrFunction(ScriptRuntime.java:1994)
	at net.sourceforge.htmlunit.corejs.javascript.ScriptRuntime.name(ScriptRuntime.java:1933)
	at net.sourceforge.htmlunit.corejs.javascript.Interpreter.interpretLoop(Interpreter.java:1751)
	at net.sourceforge.htmlunit.corejs.javascript.Interpreter.interpret(Interpreter.java:1009)
	at net.sourceforge.htmlunit.corejs.javascript.InterpretedFunction.exec(InterpretedFunction.java:126)
	at com.gargoylesoftware.htmlunit.javascript.JavaScriptEngine$2.doRun(JavaScriptEngine.java:763)
	at com.gargoylesoftware.htmlunit.javascript.JavaScriptEngine$HtmlUnitContextAction.run(JavaScriptEngine.java:877)
	... 210 common frames omitted
2019-10-14 14:52:13,414 [main] WARN  com.gargoylesoftware.htmlunit.IncorrectnessListenerImpl - Obsolete content type encountered: 'application/x-javascript'.
2019-10-14 14:52:14,971 [main] WARN  com.gargoylesoftware.htmlunit.IncorrectnessListenerImpl - Obsolete content type encountered: 'application/x-javascript'.
2019-10-14 14:52:16,694 [main] WARN  com.gargoylesoftware.htmlunit.IncorrectnessListenerImpl - Obsolete content type encountered: 'application/x-javascript'.
2019-10-14 14:52:16,799 [main] INFO  org.apache.http.impl.execchain.RetryExec - I/O exception (org.apache.http.NoHttpResponseException) caught when processing request to {}->http://news.sina.com.cn:80: The target server failed to respond
2019-10-14 14:52:16,799 [main] INFO  org.apache.http.impl.execchain.RetryExec - Retrying request to {}->http://news.sina.com.cn:80
2019-10-14 14:52:16,864 [main] WARN  com.gargoylesoftware.htmlunit.IncorrectnessListenerImpl - Obsolete content type encountered: 'application/x-javascript'.
2019-10-14 14:52:17,041 [main] WARN  com.gargoylesoftware.htmlunit.IncorrectnessListenerImpl - Obsolete content type encountered: 'application/x-javascript'.
2019-10-14 14:52:17,232 [main] WARN  com.gargoylesoftware.htmlunit.IncorrectnessListenerImpl - Obsolete content type encountered: 'text/javascript'.
2019-10-14 14:52:17,297 [main] WARN  com.gargoylesoftware.htmlunit.IncorrectnessListenerImpl - Obsolete content type encountered: 'application/x-javascript'.
2019-10-14 14:52:17,337 [main] WARN  com.gargoylesoftware.htmlunit.IncorrectnessListenerImpl - Obsolete content type encountered: 'application/x-javascript'.
2019-10-14 14:52:17,374 [main] INFO  com.asianwallets.task.service.weibo.impl.WeiboServiceImpl - *******抓取微博的内容***********
2019-10-14 14:52:17,849 [main] WARN  com.gargoylesoftware.htmlunit.IncorrectnessListenerImpl - Obsolete content type encountered: 'application/x-javascript'.
2019-10-14 14:52:18,318 [main] WARN  com.gargoylesoftware.htmlunit.IncorrectnessListenerImpl - Obsolete content type encountered: 'application/x-javascript'.
2019-10-14 14:52:18,532 [main] WARN  com.gargoylesoftware.htmlunit.IncorrectnessListenerImpl - Obsolete content type encountered: 'application/x-javascript'.
2019-10-14 14:52:18,542 [main] ERROR com.gargoylesoftware.htmlunit.javascript.StrictErrorReporter - runtimeError: message=[Property 0 not found.] sourceName=[https://h5.sinaimg.cn/m/videoPlayer/js/app.944d05f9.js] line=[2] lineSource=[null] lineOffset=[0]
2019-10-14 14:52:18,566 [main] WARN  com.gargoylesoftware.htmlunit.IncorrectnessListenerImpl - Obsolete content type encountered: 'application/x-javascript'.
2019-10-14 14:52:18,805 [JS executor for com.gargoylesoftware.htmlunit.WebClient@113e6e06] WARN  com.gargoylesoftware.htmlunit.IncorrectnessListenerImpl - Obsolete content type encountered: 'application/x-javascript'.
2019-10-14 14:52:18,916 [JS executor for com.gargoylesoftware.htmlunit.WebClient@113e6e06] WARN  com.gargoylesoftware.htmlunit.IncorrectnessListenerImpl - Obsolete content type encountered: 'application/x-javascript'.
2019-10-14 14:52:18,963 [JS executor for com.gargoylesoftware.htmlunit.WebClient@113e6e06] WARN  com.gargoylesoftware.htmlunit.IncorrectnessListenerImpl - Obsolete content type encountered: 'application/x-javascript'.
2019-10-14 14:52:19,151 [JS executor for com.gargoylesoftware.htmlunit.WebClient@113e6e06] INFO  com.gargoylesoftware.htmlunit.javascript.JavaScriptEngine - Caught script exception
com.gargoylesoftware.htmlunit.ScriptException: Exception invoking getFirstElementChild
	at com.gargoylesoftware.htmlunit.javascript.JavaScriptEngine$HtmlUnitContextAction.run(JavaScriptEngine.java:892)
	at net.sourceforge.htmlunit.corejs.javascript.Context.call(Context.java:616)
	at net.sourceforge.htmlunit.corejs.javascript.ContextFactory.call(ContextFactory.java:534)
	at com.gargoylesoftware.htmlunit.javascript.JavaScriptEngine.execute(JavaScriptEngine.java:772)
	at com.gargoylesoftware.htmlunit.javascript.JavaScriptEngine.execute(JavaScriptEngine.java:748)
	at com.gargoylesoftware.htmlunit.javascript.JavaScriptEngine.execute(JavaScriptEngine.java:104)
	at com.gargoylesoftware.htmlunit.html.HtmlPage.loadExternalJavaScriptFile(HtmlPage.java:995)
	at com.gargoylesoftware.htmlunit.html.HtmlScript.executeScriptIfNeeded(HtmlScript.java:371)
	at com.gargoylesoftware.htmlunit.html.HtmlScript$2.execute(HtmlScript.java:246)
	at com.gargoylesoftware.htmlunit.javascript.JavaScriptEngine.doProcessPostponedActions(JavaScriptEngine.java:943)
	at com.gargoylesoftware.htmlunit.javascript.JavaScriptEngine.access$200(JavaScriptEngine.java:104)
	at com.gargoylesoftware.htmlunit.javascript.JavaScriptEngine$HtmlUnitContextAction.run(JavaScriptEngine.java:887)
	at net.sourceforge.htmlunit.corejs.javascript.Context.call(Context.java:616)
	at net.sourceforge.htmlunit.corejs.javascript.ContextFactory.call(ContextFactory.java:534)
	at com.gargoylesoftware.htmlunit.javascript.JavaScriptEngine.callFunction(JavaScriptEngine.java:821)
	at com.gargoylesoftware.htmlunit.javascript.JavaScriptEngine.callFunction(JavaScriptEngine.java:793)
	at com.gargoylesoftware.htmlunit.html.HtmlPage.executeJavaScriptFunction(HtmlPage.java:2518)
	at com.gargoylesoftware.htmlunit.html.HtmlPage.executeJavaScriptFunction(HtmlPage.java:2511)
	at com.gargoylesoftware.htmlunit.javascript.background.JavaScriptFunctionJob.runJavaScript(JavaScriptFunctionJob.java:57)
	at com.gargoylesoftware.htmlunit.javascript.background.JavaScriptExecutionJob.run(JavaScriptExecutionJob.java:102)
	at com.gargoylesoftware.htmlunit.javascript.background.JavaScriptJobManagerImpl.runSingleJob(JavaScriptJobManagerImpl.java:424)
	at com.gargoylesoftware.htmlunit.javascript.background.DefaultJavaScriptExecutor.run(DefaultJavaScriptExecutor.java:144)
	at java.lang.Thread.run(Thread.java:748)
Caused by: java.lang.RuntimeException: Exception invoking getFirstElementChild
	at net.sourceforge.htmlunit.corejs.javascript.MemberBox.invoke(MemberBox.java:184)
	at net.sourceforge.htmlunit.corejs.javascript.ScriptableObject$GetterSlot.getValue(ScriptableObject.java:353)
	at net.sourceforge.htmlunit.corejs.javascript.ScriptableObject.get(ScriptableObject.java:480)
	at com.gargoylesoftware.htmlunit.javascript.SimpleScriptable.get(SimpleScriptable.java:83)
	at net.sourceforge.htmlunit.corejs.javascript.ScriptableObject.getProperty(ScriptableObject.java:2345)
	at net.sourceforge.htmlunit.corejs.javascript.ScriptRuntime.getObjectPropNoWarn(ScriptRuntime.java:1611)
	at net.sourceforge.htmlunit.corejs.javascript.Interpreter.interpretLoop(Interpreter.java:1430)
	at net.sourceforge.htmlunit.corejs.javascript.Interpreter.interpret(Interpreter.java:1009)
	at net.sourceforge.htmlunit.corejs.javascript.InterpretedFunction.call(InterpretedFunction.java:111)
	at net.sourceforge.htmlunit.corejs.javascript.ContextFactory.doTopCall(ContextFactory.java:424)
	at com.gargoylesoftware.htmlunit.javascript.HtmlUnitContextFactory.doTopCall(HtmlUnitContextFactory.java:330)
	at net.sourceforge.htmlunit.corejs.javascript.ScriptRuntime.doTopCall(ScriptRuntime.java:3557)
	at net.sourceforge.htmlunit.corejs.javascript.InterpretedFunction.exec(InterpretedFunction.java:123)
	at com.gargoylesoftware.htmlunit.javascript.JavaScriptEngine$2.doRun(JavaScriptEngine.java:763)
	at com.gargoylesoftware.htmlunit.javascript.JavaScriptEngine$HtmlUnitContextAction.run(JavaScriptEngine.java:877)
	... 22 common frames omitted
Caused by: java.lang.ClassCastException: com.gargoylesoftware.htmlunit.html.DomDocumentFragment cannot be cast to com.gargoylesoftware.htmlunit.html.DomElement
	at com.gargoylesoftware.htmlunit.javascript.host.dom.Node.getFirstElementChild(Node.java:758)
	at com.gargoylesoftware.htmlunit.javascript.host.dom.DocumentFragment.getFirstElementChild(DocumentFragment.java:116)
	at sun.reflect.NativeMethodAccessorImpl.invoke0(Native Method)
	at sun.reflect.NativeMethodAccessorImpl.invoke(NativeMethodAccessorImpl.java:62)
	at sun.reflect.DelegatingMethodAccessorImpl.invoke(DelegatingMethodAccessorImpl.java:43)
	at java.lang.reflect.Method.invoke(Method.java:498)
	at net.sourceforge.htmlunit.corejs.javascript.MemberBox.invoke(MemberBox.java:158)
	... 36 common frames omitted
2019-10-14 14:52:19,188 [JS executor for com.gargoylesoftware.htmlunit.WebClient@113e6e06] WARN  com.gargoylesoftware.htmlunit.IncorrectnessListenerImpl - Obsolete content type encountered: 'application/x-javascript'.
2019-10-14 14:52:19,321 [JS executor for com.gargoylesoftware.htmlunit.WebClient@113e6e06] WARN  com.gargoylesoftware.htmlunit.IncorrectnessListenerImpl - Obsolete content type encountered: 'application/x-javascript'.
2019-10-14 14:52:19,394 [JS executor for com.gargoylesoftware.htmlunit.WebClient@113e6e06] WARN  com.gargoylesoftware.htmlunit.IncorrectnessListenerImpl - Obsolete content type encountered: 'application/x-javascript'.
2019-10-14 14:52:19,436 [JS executor for com.gargoylesoftware.htmlunit.WebClient@113e6e06] INFO  com.gargoylesoftware.htmlunit.WebConsole - core.evt.delegatedEvent need an Element as first Parameter
2019-10-14 14:52:21,976 [JS executor for com.gargoylesoftware.htmlunit.WebClient@113e6e06] WARN  com.gargoylesoftware.htmlunit.IncorrectnessListenerImpl - Expected content type of 'application/javascript' or 'application/ecmascript' for remotely loaded JavaScript element at 'https://s.weibo.com/ajax/jsonp/gettopsug?uid=2839563383&ref=PC_topsug&url=https%3A%2F%2Fd.weibo.com%2F623751_6%3Ffrom%3Dfaxian_hot%26mod%3Dfenlei%23&Mozilla=Mozilla%2F5.0%20(Windows%20NT%206.1%3B%20Win64%3B%20x64%3B%20rv%3A52.0)%20Gecko%2F20100101%20Firefox%2F52.0&_cb=STK_15710359379997', but got 'text/html'.
2019-10-14 14:52:22,152 [JS executor for com.gargoylesoftware.htmlunit.WebClient@113e6e06] WARN  com.gargoylesoftware.htmlunit.IncorrectnessListenerImpl - Expected content type of 'application/javascript' or 'application/ecmascript' for remotely loaded JavaScript element at 'https://rm.api.weibo.com/2/remind/push_count.json?trim_null=1&with_dm_group=true&with_settings=1&exclude_attitude=1&with_common_cmt=1&with_comment_attitude=1&with_common_attitude=1&with_moments=1&with_dm_unread=1&msgbox=true&with_page_group=1&with_chat_group=1&with_chat_group_notice=1&_pid=1&count=0&source=351354573&status_type=0&callback=STK_15710359379999', but got 'application/json'.
2019-10-14 14:52:23,832 [JS executor for com.gargoylesoftware.htmlunit.WebClient@113e6e06] WARN  com.gargoylesoftware.htmlunit.IncorrectnessListenerImpl - Obsolete content type encountered: 'application/x-javascript'.
2019-10-14 14:52:29,297 [main] INFO  org.mongodb.driver.connection - Opened connection [connectionId{localValue:2, serverValue:20}] to 192.168.124.7:27017
2019-10-14 14:52:29,420 [main] INFO  com.asianwallets.task.service.weibo.impl.WeiboServiceImpl - ============= 抓取微博头条 ============ ,前次最后一条记录为：【2019-10-10 13:56:00】
2019-10-14 14:52:29,570 [Thread-2] INFO  org.mongodb.driver.connection - Closed connection [connectionId{localValue:2, serverValue:20}] to 192.168.124.7:27017 because the pool has been closed.
